195 -> 136 -> 370 -> 116 -> 359 -> 130 -> 185 -> 256 -> 123 -> 34 -> 139 -> 237 -> 234 -> 294 -> 183 -> 197 -> 227 -> 56 -> 308
195 -> 130
308 -> 341 -> 42 -> 277 -> 128 -> 95 -> 107 -> 245 -> 367 -> 315 -> 278 -> 77 -> 81 -> 162 -> 215 -> 380 -> 109 -> 229 -> 196 -> 67 -> 347
308 -> 380
347 -> 389 -> 268 -> 173 -> 235 -> 365 -> 121 -> 82 -> 30 -> 29 -> 264 -> 212 -> 220 -> 399 -> 140 -> 125 -> 304 -> 58 -> 99 -> 394 -> 8 -> 388
347 -> 264
388 -> 331 -> 295 -> 221 -> 16 -> 198 -> 135 -> 393 -> 361 -> 53 -> 210 -> 47 -> 48 -> 253 -> 396 -> 12 -> 74 -> 40 -> 71 -> 226 -> 201 -> 352 -> 202 -> 321 -> 117 -> 174
388 -> 48
174 -> 344 -> 271 -> 306 -> 248 -> 24 -> 189 -> 35 -> 284 -> 204 -> 9 -> 307 -> 260 -> 371
174 -> 248
371 -> 134 -> 32 -> 50 -> 145 -> 207 -> 4 -> 368 -> 147 -> 163 -> 297 -> 164 -> 233 -> 51 -> 208 -> 391 -> 298 -> 280 -> 224 -> 386 -> 167 -> 27 -> 60
371 -> 164
60 -> 39 -> 126 -> 181 -> 76 -> 98 -> 369 -> 80 -> 272 -> 85 -> 243 -> 231 -> 63 -> 222 -> 52 -> 362 -> 115 -> 342 -> 66 -> 263 -> 141 -> 254 -> 176 -> 223 -> 131 -> 200
60 -> 362
200 -> 353 -> 166 -> 93 -> 328 -> 156 -> 318 -> 15 -> 112 -> 33 -> 228 -> 356 -> 5 -> 194 -> 397 -> 144 -> 327
200 -> 15
327 -> 392 -> 378 -> 169 -> 133 -> 157 -> 96 -> 118 -> 376 -> 199 -> 129 -> 111 -> 43 -> 240 -> 350 -> 61 -> 179 -> 172 -> 78 -> 348
327 -> 129
348 -> 38 -> 101 -> 269 -> 289 -> 314 -> 309 -> 363 -> 325 -> 381 -> 241 -> 73 -> 290 -> 324 -> 25 -> 190 -> 265 -> 364 -> 159 -> 158 -> 6 -> 266 -> 146 -> 320 -> 335 -> 259
348 -> 25
10 -> 257 -> 171 -> 398 -> 26 -> 302 -> 168 -> 230 -> 250 -> 379 -> 0
0 -> 97 -> 292 -> 346 -> 49 -> 273 -> 127 -> 182 -> 285 -> 384 -> 357
11 -> 10
18 -> 301 -> 332 -> 244 -> 322 -> 279 -> 251 -> 59 -> 119 -> 152 -> 333
31 -> 299 -> 18
357 -> 340 -> 203 -> 191 -> 246 -> 281 -> 214 -> 120 -> 382 -> 312 -> 113 -> 310 -> 188 -> 160 -> 358 -> 161 -> 7 -> 64 -> 137 -> 44
357 -> 203
89 -> 132 -> 31
333 -> 65 -> 343 -> 11
333 -> 250
44 -> 247 -> 287 -> 184 -> 205 -> 94 -> 209 -> 323 -> 387 -> 37 -> 102 -> 334 -> 149 -> 104 -> 267 -> 186 -> 385 -> 319 -> 151
44 -> 149
151 -> 105 -> 316 -> 103 -> 19 -> 239 -> 339 -> 349 -> 275 -> 153 -> 148 -> 193 -> 296 -> 345 -> 83 -> 142 -> 375 -> 293 -> 305 -> 170 -> 195
151 -> 345
3 -> 372 -> 36 -> 336 -> 282 -> 252 -> 122 -> 175 -> 20 -> 84 -> 383 -> 354 -> 22 -> 177 -> 303 -> 225 -> 374 -> 108 -> 329 -> 219 -> 3
1 -> 28 -> 2 -> 68 -> 317 -> 326 -> 337 -> 300 -> 217 -> 276 -> 255 -> 236 -> 206 -> 41 -> 351 -> 21 -> 338 -> 249 -> 238 -> 150 -> 1
13 -> 373 -> 258 -> 360 -> 138 -> 17 -> 14 -> 262 -> 270 -> 100 -> 366 -> 75 -> 261 -> 155 -> 69 -> 57 -> 23 -> 232 -> 286 -> 313 -> 13
45 -> 192 -> 92 -> 355 -> 90 -> 288 -> 54 -> 330 -> 242 -> 91 -> 180 -> 165 -> 72 -> 106 -> 283 -> 377 -> 311 -> 79 -> 87 -> 86 -> 45
46 -> 213 -> 274 -> 110 -> 187 -> 70 -> 62 -> 216 -> 395 -> 178 -> 55 -> 143 -> 211 -> 124 -> 154 -> 390 -> 291 -> 88 -> 218 -> 114 -> 46
